<?xml version="1.0" encoding="UTF-8"?>
<testsuite xmlns:xsi="http://www.w3.org/2001/XMLSchema-instance" xsi:noNamespaceSchemaLocation="https://maven.apache.org/surefire/maven-surefire-plugin/xsd/surefire-test-report.xsd" version="3.0.2" name="TestSuite" time="8.245" tests="18" errors="0" skipped="0" failures="6">
  <properties>
[...]
</properties>
  <testcase name="delete_isRejected" classname="com.swapi.tests.VehicleTest" time="2.362">
    <system-out><![CDATA[Request method:	DELETE
Request method:	DELETE
Request method:	DELETE
Request URI:	https://swapi.info/api/vehicles/4/
Request URI:	https://swapi.info/api/planets/1/
Request URI:	https://swapi.info/api/starships/9/
]]></system-out>
    <system-err><![CDATA[SLF4J: Failed to load class "org.slf4j.impl.StaticLoggerBinder".
SLF4J: Defaulting to no-operation (NOP) logger implementation
SLF4J: See http://www.slf4j.org/codes.html#StaticLoggerBinder for further details.
]]></system-err>
  </testcase>
  <testcase name="post_isRejected" classname="com.swapi.tests.VehicleTest" time="1.078">
    <failure message="POST vehicles must return 405 on a read-only API expected [405] but found [404]" type="java.lang.AssertionError"><![CDATA[java.lang.AssertionError: POST vehicles must return 405 on a read-only API expected [405] but found [404]
	at org.testng.Assert.fail(Assert.java:111)
	at org.testng.Assert.failNotEquals(Assert.java:1578)
	at org.testng.Assert.assertEqualsImpl(Assert.java:150)
	at org.testng.Assert.assertEquals(Assert.java:132)
	at org.testng.Assert.assertEquals(Assert.java:1419)
	at org.testng.Assert.assertEquals(Assert.java:1383)
	at com.swapi.tests.AbstractResourceTest.post_isRejected(AbstractResourceTest.java:106)
	at java.base/jdk.internal.reflect.DirectMethodHandleAccessor.invoke(DirectMethodHandleAccessor.java:104)
	at java.base/java.lang.reflect.Method.invoke(Method.java:565)
	at org.testng.internal.invokers.MethodInvocationHelper.invokeMethod(MethodInvocationHelper.java:141)
	at org.testng.internal.invokers.TestInvoker.invokeMethod(TestInvoker.java:686)
	at org.testng.internal.invokers.TestInvoker.invokeTestMethod(TestInvoker.java:230)
	at org.testng.internal.invokers.MethodRunner.runInSequence(MethodRunner.java:63)
	at org.testng.internal.invokers.TestInvoker$MethodInvocationAgent.invoke(TestInvoker.java:992)
	at org.testng.internal.invokers.TestInvoker.invokeTestMethods(TestInvoker.java:203)
	at org.testng.internal.invokers.TestMethodWorker.invokeTestMethods(TestMethodWorker.java:154)
	at org.testng.internal.invokers.TestMethodWorker.run(TestMethodWorker.java:134)
	at java.base/java.util.concurrent.Executors$RunnableAdapter.call(Executors.java:545)
	at java.base/java.util.concurrent.FutureTask.run(FutureTask.java:330)
	at org.testng.internal.thread.graph.TestNGFutureTask.run(TestNGFutureTask.java:22)
	at java.base/java.util.concurrent.ThreadPoolExecutor.runWorker(ThreadPoolExecutor.java:1090)
	at java.base/java.util.concurrent.ThreadPoolExecutor$Worker.run(ThreadPoolExecutor.java:614)
	at java.base/java.lang.Thread.run(Thread.java:1516)
]]></failure>
  </testcase>
  <testcase name="put_isRejected" classname="com.swapi.tests.VehicleTest" time="0.059">
    <system-out><![CDATA[Request method:	DELETE
Request URI:	https://swapi.info/api/people/1/
]]></system-out>
  </testcase>
  <testcase name="delete_isRejected" classname="com.swapi.tests.StarshipTest" time="2.377"/>
  <testcase name="post_isRejected" classname="com.swapi.tests.StarshipTest" time="1.077">
    <failure message="POST starships must return 405 on a read-only API expected [405] but found [404]" type="java.lang.AssertionError"><![CDATA[java.lang.AssertionError: POST starships must return 405 on a read-only API expected [405] but found [404]
	at org.testng.Assert.fail(Assert.java:111)
	at org.testng.Assert.failNotEquals(Assert.java:1578)
	at org.testng.Assert.assertEqualsImpl(Assert.java:150)
	at org.testng.Assert.assertEquals(Assert.java:132)
	at org.testng.Assert.assertEquals(Assert.java:1419)
	at org.testng.Assert.assertEquals(Assert.java:1383)
	at com.swapi.tests.AbstractResourceTest.post_isRejected(AbstractResourceTest.java:106)
	at java.base/jdk.internal.reflect.DirectMethodHandleAccessor.invoke(DirectMethodHandleAccessor.java:104)
	at java.base/java.lang.reflect.Method.invoke(Method.java:565)
	at org.testng.internal.invokers.MethodInvocationHelper.invokeMethod(MethodInvocationHelper.java:141)
	at org.testng.internal.invokers.TestInvoker.invokeMethod(TestInvoker.java:686)
	at org.testng.internal.invokers.TestInvoker.invokeTestMethod(TestInvoker.java:230)
	at org.testng.internal.invokers.MethodRunner.runInSequence(MethodRunner.java:63)
	at org.testng.internal.invokers.TestInvoker$MethodInvocationAgent.invoke(TestInvoker.java:992)
	at org.testng.internal.invokers.TestInvoker.invokeTestMethods(TestInvoker.java:203)
	at org.testng.internal.invokers.TestMethodWorker.invokeTestMethods(TestMethodWorker.java:154)
	at org.testng.internal.invokers.TestMethodWorker.run(TestMethodWorker.java:134)
	at java.base/java.util.concurrent.Executors$RunnableAdapter.call(Executors.java:545)
	at java.base/java.util.concurrent.FutureTask.run(FutureTask.java:330)
	at org.testng.internal.thread.graph.TestNGFutureTask.run(TestNGFutureTask.java:22)
	at java.base/java.util.concurrent.ThreadPoolExecutor.runWorker(ThreadPoolExecutor.java:1090)
	at java.base/java.util.concurrent.ThreadPoolExecutor$Worker.run(ThreadPoolExecutor.java:614)
	at java.base/java.lang.Thread.run(Thread.java:1516)
]]></failure>
    <system-out><![CDATA[Request method:	POST
Request method:	POST
Request method:	POST
Request URI:	https://swapi.info/api/vehicles/
Request URI:	https://swapi.info/api/starships/
Request URI:	https://swapi.info/api/planets/
]]></system-out>
  </testcase>
  <testcase name="put_isRejected" classname="com.swapi.tests.StarshipTest" time="0.477">
    <system-out><![CDATA[Request method:	PUT
Request URI:	https://swapi.info/api/planets/1/
]]></system-out>
  </testcase>
  <testcase name="delete_isRejected" classname="com.swapi.tests.PlanetTest" time="2.377"/>
  <testcase name="post_isRejected" classname="com.swapi.tests.PlanetTest" time="0.156">
    <failure message="POST planets must return 405 on a read-only API expected [405] but found [404]" type="java.lang.AssertionError"><![CDATA[java.lang.AssertionError: POST planets must return 405 on a read-only API expected [405] but found [404]
	at org.testng.Assert.fail(Assert.java:111)
	at org.testng.Assert.failNotEquals(Assert.java:1578)
	at org.testng.Assert.assertEqualsImpl(Assert.java:150)
	at org.testng.Assert.assertEquals(Assert.java:132)
	at org.testng.Assert.assertEquals(Assert.java:1419)
	at org.testng.Assert.assertEquals(Assert.java:1383)
	at com.swapi.tests.AbstractResourceTest.post_isRejected(AbstractResourceTest.java:106)
	at java.base/jdk.internal.reflect.DirectMethodHandleAccessor.invoke(DirectMethodHandleAccessor.java:104)
	at java.base/java.lang.reflect.Method.invoke(Method.java:565)
	at org.testng.internal.invokers.MethodInvocationHelper.invokeMethod(MethodInvocationHelper.java:141)
	at org.testng.internal.invokers.TestInvoker.invokeMethod(TestInvoker.java:686)
	at org.testng.internal.invokers.TestInvoker.invokeTestMethod(TestInvoker.java:230)
	at org.testng.internal.invokers.MethodRunner.runInSequence(MethodRunner.java:63)
	at org.testng.internal.invokers.TestInvoker$MethodInvocationAgent.invoke(TestInvoker.java:992)
	at org.testng.internal.invokers.TestInvoker.invokeTestMethods(TestInvoker.java:203)
	at org.testng.internal.invokers.TestMethodWorker.invokeTestMethods(TestMethodWorker.java:154)
	at org.testng.internal.invokers.TestMethodWorker.run(TestMethodWorker.java:134)
	at java.base/java.util.concurrent.Executors$RunnableAdapter.call(Executors.java:545)
	at java.base/java.util.concurrent.FutureTask.run(FutureTask.java:330)
	at org.testng.internal.thread.graph.TestNGFutureTask.run(TestNGFutureTask.java:22)
	at java.base/java.util.concurrent.ThreadPoolExecutor.runWorker(ThreadPoolExecutor.java:1090)
	at java.base/java.util.concurrent.ThreadPoolExecutor$Worker.run(ThreadPoolExecutor.java:614)
	at java.base/java.lang.Thread.run(Thread.java:1516)
]]></failure>
    <system-out><![CDATA[Request method:	PUT
Request method:	PUT
Request URI:	https://swapi.info/api/starships/9/
Request URI:	https://swapi.info/api/vehicles/4/
]]></system-out>
  </testcase>
  <testcase name="put_isRejected" classname="com.swapi.tests.PlanetTest" time="0.148">
    <system-out><![CDATA[Request method:	DELETE
Request URI:	https://swapi.info/api/films/1/
]]></system-out>
  </testcase>
  <testcase name="delete_isRejected" classname="com.swapi.tests.PeopleTest" time="0.425">
    <system-out><![CDATA[Request method:	DELETE
Request URI:	https://swapi.info/api/species/1/
]]></system-out>
  </testcase>
  <testcase name="post_isRejected" classname="com.swapi.tests.PeopleTest" time="0.465">
    <failure message="POST people must return 405 on a read-only API expected [405] but found [404]" type="java.lang.AssertionError"><![CDATA[java.lang.AssertionError: POST people must return 405 on a read-only API expected [405] but found [404]
	at org.testng.Assert.fail(Assert.java:111)
	at org.testng.Assert.failNotEquals(Assert.java:1578)
	at org.testng.Assert.assertEqualsImpl(Assert.java:150)
	at org.testng.Assert.assertEquals(Assert.java:132)
	at org.testng.Assert.assertEquals(Assert.java:1419)
	at org.testng.Assert.assertEquals(Assert.java:1383)
	at com.swapi.tests.AbstractResourceTest.post_isRejected(AbstractResourceTest.java:106)
	at java.base/jdk.internal.reflect.DirectMethodHandleAccessor.invoke(DirectMethodHandleAccessor.java:104)
	at java.base/java.lang.reflect.Method.invoke(Method.java:565)
	at org.testng.internal.invokers.MethodInvocationHelper.invokeMethod(MethodInvocationHelper.java:141)
	at org.testng.internal.invokers.TestInvoker.invokeMethod(TestInvoker.java:686)
	at org.testng.internal.invokers.TestInvoker.invokeTestMethod(TestInvoker.java:230)
	at org.testng.internal.invokers.MethodRunner.runInSequence(MethodRunner.java:63)
	at org.testng.internal.invokers.TestInvoker$MethodInvocationAgent.invoke(TestInvoker.java:992)
	at org.testng.internal.invokers.TestInvoker.invokeTestMethods(TestInvoker.java:203)
	at org.testng.internal.invokers.TestMethodWorker.invokeTestMethods(TestMethodWorker.java:154)
	at org.testng.internal.invokers.TestMethodWorker.run(TestMethodWorker.java:134)
	at java.base/java.util.concurrent.Executors$RunnableAdapter.call(Executors.java:545)
	at java.base/java.util.concurrent.FutureTask.run(FutureTask.java:330)
	at org.testng.internal.thread.graph.TestNGFutureTask.run(TestNGFutureTask.java:22)
	at java.base/java.util.concurrent.ThreadPoolExecutor.runWorker(ThreadPoolExecutor.java:1090)
	at java.base/java.util.concurrent.ThreadPoolExecutor$Worker.run(ThreadPoolExecutor.java:614)
	at java.base/java.lang.Thread.run(Thread.java:1516)
]]></failure>
    <system-out><![CDATA[Request method:	POST
Request URI:	https://swapi.info/api/species/
]]></system-out>
  </testcase>
  <testcase name="put_isRejected" classname="com.swapi.tests.PeopleTest" time="0.463">
    <system-out><![CDATA[Request method:	PUT
Request URI:	https://swapi.info/api/species/1/
]]></system-out>
  </testcase>
  <testcase name="delete_isRejected" classname="com.swapi.tests.FilmTest" time="0.061">
    <system-out><![CDATA[Request method:	POST
Request URI:	https://swapi.info/api/people/
]]></system-out>
  </testcase>
  <testcase name="post_isRejected" classname="com.swapi.tests.FilmTest" time="0.068">
    <failure message="POST films must return 405 on a read-only API expected [405] but found [404]" type="java.lang.AssertionError"><![CDATA[java.lang.AssertionError: POST films must return 405 on a read-only API expected [405] but found [404]
	at org.testng.Assert.fail(Assert.java:111)
	at org.testng.Assert.failNotEquals(Assert.java:1578)
	at org.testng.Assert.assertEqualsImpl(Assert.java:150)
	at org.testng.Assert.assertEquals(Assert.java:132)
	at org.testng.Assert.assertEquals(Assert.java:1419)
	at org.testng.Assert.assertEquals(Assert.java:1383)
	at com.swapi.tests.AbstractResourceTest.post_isRejected(AbstractResourceTest.java:106)
	at java.base/jdk.internal.reflect.DirectMethodHandleAccessor.invoke(DirectMethodHandleAccessor.java:104)
	at java.base/java.lang.reflect.Method.invoke(Method.java:565)
	at org.testng.internal.invokers.MethodInvocationHelper.invokeMethod(MethodInvocationHelper.java:141)
	at org.testng.internal.invokers.TestInvoker.invokeMethod(TestInvoker.java:686)
	at org.testng.internal.invokers.TestInvoker.invokeTestMethod(TestInvoker.java:230)
	at org.testng.internal.invokers.MethodRunner.runInSequence(MethodRunner.java:63)
	at org.testng.internal.invokers.TestInvoker$MethodInvocationAgent.invoke(TestInvoker.java:992)
	at org.testng.internal.invokers.TestInvoker.invokeTestMethods(TestInvoker.java:203)
	at org.testng.internal.invokers.TestMethodWorker.invokeTestMethods(TestMethodWorker.java:154)
	at org.testng.internal.invokers.TestMethodWorker.run(TestMethodWorker.java:134)
	at java.base/java.util.concurrent.Executors$RunnableAdapter.call(Executors.java:545)
	at java.base/java.util.concurrent.FutureTask.run(FutureTask.java:330)
	at org.testng.internal.thread.graph.TestNGFutureTask.run(TestNGFutureTask.java:22)
	at java.base/java.util.concurrent.ThreadPoolExecutor.runWorker(ThreadPoolExecutor.java:1090)
	at java.base/java.util.concurrent.ThreadPoolExecutor$Worker.run(ThreadPoolExecutor.java:614)
	at java.base/java.lang.Thread.run(Thread.java:1516)
]]></failure>
    <system-out><![CDATA[Request method:	PUT
Request URI:	https://swapi.info/api/people/1/
]]></system-out>
  </testcase>
  <testcase name="put_isRejected" classname="com.swapi.tests.FilmTest" time="0.535"/>
  <testcase name="delete_isRejected" classname="com.swapi.tests.SpeciesTest" time="0.156">
    <system-out><![CDATA[Request method:	POST
Request URI:	https://swapi.info/api/films/
]]></system-out>
  </testcase>
  <testcase name="post_isRejected" classname="com.swapi.tests.SpeciesTest" time="0.146">
    <failure message="POST species must return 405 on a read-only API expected [405] but found [404]" type="java.lang.AssertionError"><![CDATA[java.lang.AssertionError: POST species must return 405 on a read-only API expected [405] but found [404]
	at org.testng.Assert.fail(Assert.java:111)
	at org.testng.Assert.failNotEquals(Assert.java:1578)
	at org.testng.Assert.assertEqualsImpl(Assert.java:150)
	at org.testng.Assert.assertEquals(Assert.java:132)
	at org.testng.Assert.assertEquals(Assert.java:1419)
	at org.testng.Assert.assertEquals(Assert.java:1383)
	at com.swapi.tests.AbstractResourceTest.post_isRejected(AbstractResourceTest.java:106)
	at java.base/jdk.internal.reflect.DirectMethodHandleAccessor.invoke(DirectMethodHandleAccessor.java:104)
	at java.base/java.lang.reflect.Method.invoke(Method.java:565)
	at org.testng.internal.invokers.MethodInvocationHelper.invokeMethod(MethodInvocationHelper.java:141)
	at org.testng.internal.invokers.TestInvoker.invokeMethod(TestInvoker.java:686)
	at org.testng.internal.invokers.TestInvoker.invokeTestMethod(TestInvoker.java:230)
	at org.testng.internal.invokers.MethodRunner.runInSequence(MethodRunner.java:63)
	at org.testng.internal.invokers.TestInvoker$MethodInvocationAgent.invoke(TestInvoker.java:992)
	at org.testng.internal.invokers.TestInvoker.invokeTestMethods(TestInvoker.java:203)
	at org.testng.internal.invokers.TestMethodWorker.invokeTestMethods(TestMethodWorker.java:154)
	at org.testng.internal.invokers.TestMethodWorker.run(TestMethodWorker.java:134)
	at java.base/java.util.concurrent.Executors$RunnableAdapter.call(Executors.java:545)
	at java.base/java.util.concurrent.FutureTask.run(FutureTask.java:330)
	at org.testng.internal.thread.graph.TestNGFutureTask.run(TestNGFutureTask.java:22)
	at java.base/java.util.concurrent.ThreadPoolExecutor.runWorker(ThreadPoolExecutor.java:1090)
	at java.base/java.util.concurrent.ThreadPoolExecutor$Worker.run(ThreadPoolExecutor.java:614)
	at java.base/java.lang.Thread.run(Thread.java:1516)
]]></failure>
    <system-out><![CDATA[Request method:	PUT
Request URI:	https://swapi.info/api/films/1/
]]></system-out>
  </testcase>
  <testcase name="put_isRejected" classname="com.swapi.tests.SpeciesTest" time="0.709"/>
</testsuite>