<?xml version="1.0" encoding="UTF-8"?>
<testng-results ignored="0" total="18" passed="12" failed="6" skipped="0">
  <reporter-output>
  </reporter-output>
  <suite started-at="2026-07-29T20:05:29 CST" name="SWAPI-Suite" finished-at="2026-07-29T20:05:36 CST" duration-ms="7063">
    <groups>
      <group name="negative">
        <method signature="AbstractResourceTest.delete_isRejected()[pri:0, instance:com.swapi.tests.FilmTest@56de5251]" name="delete_isRejected" class="com.swapi.tests.AbstractResourceTest"/>
        <method signature="AbstractResourceTest.delete_isRejected()[pri:0, instance:com.swapi.tests.PeopleTest@2bbf180e]" name="delete_isRejected" class="com.swapi.tests.AbstractResourceTest"/>
        <method signature="AbstractResourceTest.delete_isRejected()[pri:0, instance:com.swapi.tests.PlanetTest@63a65a25]" name="delete_isRejected" class="com.swapi.tests.AbstractResourceTest"/>
        <method signature="AbstractResourceTest.delete_isRejected()[pri:0, instance:com.swapi.tests.SpeciesTest@12b0404f]" name="delete_isRejected" class="com.swapi.tests.AbstractResourceTest"/>
        <method signature="AbstractResourceTest.delete_isRejected()[pri:0, instance:com.swapi.tests.StarshipTest@2f112965]" name="delete_isRejected" class="com.swapi.tests.AbstractResourceTest"/>
        <method signature="AbstractResourceTest.delete_isRejected()[pri:0, instance:com.swapi.tests.VehicleTest@4e91d63f]" name="delete_isRejected" class="com.swapi.tests.AbstractResourceTest"/>
        <method signature="AbstractResourceTest.post_isRejected()[pri:0, instance:com.swapi.tests.FilmTest@56de5251]" name="post_isRejected" class="com.swapi.tests.AbstractResourceTest"/>
        <method signature="AbstractResourceTest.post_isRejected()[pri:0, instance:com.swapi.tests.PeopleTest@2bbf180e]" name="post_isRejected" class="com.swapi.tests.AbstractResourceTest"/>
        <method signature="AbstractResourceTest.post_isRejected()[pri:0, instance:com.swapi.tests.PlanetTest@63a65a25]" name="post_isRejected" class="com.swapi.tests.AbstractResourceTest"/>
        <method signature="AbstractResourceTest.post_isRejected()[pri:0, instance:com.swapi.tests.SpeciesTest@12b0404f]" name="post_isRejected" class="com.swapi.tests.AbstractResourceTest"/>
        <method signature="AbstractResourceTest.post_isRejected()[pri:0, instance:com.swapi.tests.StarshipTest@2f112965]" name="post_isRejected" class="com.swapi.tests.AbstractResourceTest"/>
        <method signature="AbstractResourceTest.post_isRejected()[pri:0, instance:com.swapi.tests.VehicleTest@4e91d63f]" name="post_isRejected" class="com.swapi.tests.AbstractResourceTest"/>
        <method signature="AbstractResourceTest.put_isRejected()[pri:0, instance:com.swapi.tests.FilmTest@56de5251]" name="put_isRejected" class="com.swapi.tests.AbstractResourceTest"/>
        <method signature="AbstractResourceTest.put_isRejected()[pri:0, instance:com.swapi.tests.PeopleTest@2bbf180e]" name="put_isRejected" class="com.swapi.tests.AbstractResourceTest"/>
        <method signature="AbstractResourceTest.put_isRejected()[pri:0, instance:com.swapi.tests.PlanetTest@63a65a25]" name="put_isRejected" class="com.swapi.tests.AbstractResourceTest"/>
        <method signature="AbstractResourceTest.put_isRejected()[pri:0, instance:com.swapi.tests.SpeciesTest@12b0404f]" name="put_isRejected" class="com.swapi.tests.AbstractResourceTest"/>
        <method signature="AbstractResourceTest.put_isRejected()[pri:0, instance:com.swapi.tests.StarshipTest@2f112965]" name="put_isRejected" class="com.swapi.tests.AbstractResourceTest"/>
        <method signature="AbstractResourceTest.put_isRejected()[pri:0, instance:com.swapi.tests.VehicleTest@4e91d63f]" name="put_isRejected" class="com.swapi.tests.AbstractResourceTest"/>
      </group> <!-- negative -->
    </groups>
    <test started-at="2026-07-29T20:05:29 CST" name="All-Resources" finished-at="2026-07-29T20:05:36 CST" duration-ms="7063">
      <class name="com.swapi.tests.VehicleTest">
        <test-method is-config="true" signature="globalSetup()[pri:0, instance:com.swapi.tests.VehicleTest@4e91d63f]" started-at="2026-07-29T20:05:29 CST" name="globalSetup" finished-at="2026-07-29T20:05:30 CST" duration-ms="623" status="PASS">
          <reporter-output>
          </reporter-output>
        </test-method> <!-- globalSetup -->
        <test-method signature="delete_isRejected()[pri:0, instance:com.swapi.tests.VehicleTest@4e91d63f]" started-at="2026-07-29T20:05:30 CST" name="delete_isRejected" description="DELETE is rejected on a read-only API" finished-at="2026-07-29T20:05:32 CST" duration-ms="2364" status="PASS">
          <reporter-output>
          </reporter-output>
        </test-method> <!-- delete_isRejected -->
        <test-method signature="post_isRejected()[pri:0, instance:com.swapi.tests.VehicleTest@4e91d63f]" started-at="2026-07-29T20:05:32 CST" name="post_isRejected" description="POST is rejected on a read-only API" finished-at="2026-07-29T20:05:33 CST" duration-ms="1083" status="FAIL">
          <exception class="java.lang.AssertionError">
            <message>
              <![CDATA[POST vehicles must return 405 on a read-only API expected [405] but found [404]]]>
            </message>
            <full-stacktrace>
              <![CDATA[java.lang.AssertionError: POST vehicles must return 405 on a read-only API expected [405] but found [404]
at org.testng.Assert.fail(Assert.java:111)
at org.testng.Assert.failNotEquals(Assert.java:1578)
at org.testng.Assert.assertEqualsImpl(Assert.java:150)
at org.testng.Assert.assertEquals(Assert.java:132)
at org.testng.Assert.assertEquals(Assert.java:1419)
at org.testng.Assert.assertEquals(Assert.java:1383)
at com.swapi.tests.AbstractResourceTest.post_isRejected(AbstractResourceTest.java:106)
at java.base/jdk.internal.reflect.DirectMethodHandleAccessor.invoke(DirectMethodHandleAccessor.java:104)
at java.base/java.lang.reflect.Method.invoke(Method.java:565)
at org.testng.internal.invokers.MethodInvocationHelper.invokeMethod(MethodInvocationHelper.java:141)
at org.testng.internal.invokers.TestInvoker.invokeMethod(TestInvoker.java:686)
at org.testng.internal.invokers.TestInvoker.invokeTestMethod(TestInvoker.java:230)
at org.testng.internal.invokers.MethodRunner.runInSequence(MethodRunner.java:63)
at org.testng.internal.invokers.TestInvoker$MethodInvocationAgent.invoke(TestInvoker.java:992)
at org.testng.internal.invokers.TestInvoker.invokeTestMethods(TestInvoker.java:203)
at org.testng.internal.invokers.TestMethodWorker.invokeTestMethods(TestMethodWorker.java:154)
at org.testng.internal.invokers.TestMethodWorker.run(TestMethodWorker.java:134)
at java.base/java.util.concurrent.Executors$RunnableAdapter.call(Executors.java:545)
at java.base/java.util.concurrent.FutureTask.run(FutureTask.java:330)
at org.testng.internal.thread.graph.TestNGFutureTask.run(TestNGFutureTask.java:22)
at java.base/java.util.concurrent.ThreadPoolExecutor.runWorker(ThreadPoolExecutor.java:1090)
at java.base/java.util.concurrent.ThreadPoolExecutor$Worker.run(ThreadPoolExecutor.java:614)
at java.base/java.lang.Thread.run(Thread.java:1516)
]]>
            </full-stacktrace>
          </exception> <!-- java.lang.AssertionError -->
          <reporter-output>
          </reporter-output>
        </test-method> <!-- post_isRejected -->
        <test-method signature="put_isRejected()[pri:0, instance:com.swapi.tests.VehicleTest@4e91d63f]" started-at="2026-07-29T20:05:33 CST" name="put_isRejected" description="PUT is rejected on a read-only API" finished-at="2026-07-29T20:05:34 CST" duration-ms="698" status="PASS">
          <reporter-output>
          </reporter-output>
        </test-method> <!-- put_isRejected -->
      </class> <!-- com.swapi.tests.VehicleTest -->
      <class name="com.swapi.tests.PeopleTest">
        <test-method is-config="true" signature="globalSetup()[pri:0, instance:com.swapi.tests.PeopleTest@2bbf180e]" started-at="2026-07-29T20:05:34 CST" name="globalSetup" finished-at="2026-07-29T20:05:34 CST" duration-ms="1" status="PASS">
          <reporter-output>
          </reporter-output>
        </test-method> <!-- globalSetup -->
        <test-method signature="delete_isRejected()[pri:0, instance:com.swapi.tests.PeopleTest@2bbf180e]" started-at="2026-07-29T20:05:34 CST" name="delete_isRejected" description="DELETE is rejected on a read-only API" finished-at="2026-07-29T20:05:34 CST" duration-ms="637" status="PASS">
          <reporter-output>
          </reporter-output>
        </test-method> <!-- delete_isRejected -->
        <test-method signature="post_isRejected()[pri:0, instance:com.swapi.tests.PeopleTest@2bbf180e]" started-at="2026-07-29T20:05:34 CST" name="post_isRejected" description="POST is rejected on a read-only API" finished-at="2026-07-29T20:05:35 CST" duration-ms="684" status="FAIL">
          <exception class="java.lang.AssertionError">
            <message>
              <![CDATA[POST people must return 405 on a read-only API expected [405] but found [404]]]>
            </message>
            <full-stacktrace>
              <![CDATA[java.lang.AssertionError: POST people must return 405 on a read-only API expected [405] but found [404]
at org.testng.Assert.fail(Assert.java:111)
at org.testng.Assert.failNotEquals(Assert.java:1578)
at org.testng.Assert.assertEqualsImpl(Assert.java:150)
at org.testng.Assert.assertEquals(Assert.java:132)
at org.testng.Assert.assertEquals(Assert.java:1419)
at org.testng.Assert.assertEquals(Assert.java:1383)
at com.swapi.tests.AbstractResourceTest.post_isRejected(AbstractResourceTest.java:106)
at java.base/jdk.internal.reflect.DirectMethodHandleAccessor.invoke(DirectMethodHandleAccessor.java:104)
at java.base/java.lang.reflect.Method.invoke(Method.java:565)
at org.testng.internal.invokers.MethodInvocationHelper.invokeMethod(MethodInvocationHelper.java:141)
at org.testng.internal.invokers.TestInvoker.invokeMethod(TestInvoker.java:686)
at org.testng.internal.invokers.TestInvoker.invokeTestMethod(TestInvoker.java:230)
at org.testng.internal.invokers.MethodRunner.runInSequence(MethodRunner.java:63)
at org.testng.internal.invokers.TestInvoker$MethodInvocationAgent.invoke(TestInvoker.java:992)
at org.testng.internal.invokers.TestInvoker.invokeTestMethods(TestInvoker.java:203)
at org.testng.internal.invokers.TestMethodWorker.invokeTestMethods(TestMethodWorker.java:154)
at org.testng.internal.invokers.TestMethodWorker.run(TestMethodWorker.java:134)
at java.base/java.util.concurrent.Executors$RunnableAdapter.call(Executors.java:545)
at java.base/java.util.concurrent.FutureTask.run(FutureTask.java:330)
at org.testng.internal.thread.graph.TestNGFutureTask.run(TestNGFutureTask.java:22)
at java.base/java.util.concurrent.ThreadPoolExecutor.runWorker(ThreadPoolExecutor.java:1090)
at java.base/java.util.concurrent.ThreadPoolExecutor$Worker.run(ThreadPoolExecutor.java:614)
at java.base/java.lang.Thread.run(Thread.java:1516)
]]>
            </full-stacktrace>
          </exception> <!-- java.lang.AssertionError -->
          <reporter-output>
          </reporter-output>
        </test-method> <!-- post_isRejected -->
        <test-method signature="put_isRejected()[pri:0, instance:com.swapi.tests.PeopleTest@2bbf180e]" started-at="2026-07-29T20:05:35 CST" name="put_isRejected" description="PUT is rejected on a read-only API" finished-at="2026-07-29T20:05:36 CST" duration-ms="681" status="PASS">
          <reporter-output>
          </reporter-output>
        </test-method> <!-- put_isRejected -->
      </class> <!-- com.swapi.tests.PeopleTest -->
      <class name="com.swapi.tests.PlanetTest">
        <test-method is-config="true" signature="globalSetup()[pri:0, instance:com.swapi.tests.PlanetTest@63a65a25]" started-at="2026-07-29T20:05:29 CST" name="globalSetup" finished-at="2026-07-29T20:05:30 CST" duration-ms="623" status="PASS">
          <reporter-output>
          </reporter-output>
        </test-method> <!-- globalSetup -->
        <test-method signature="delete_isRejected()[pri:0, instance:com.swapi.tests.PlanetTest@63a65a25]" started-at="2026-07-29T20:05:30 CST" name="delete_isRejected" description="DELETE is rejected on a read-only API" finished-at="2026-07-29T20:05:32 CST" duration-ms="2364" status="PASS">
          <reporter-output>
          </reporter-output>
        </test-method> <!-- delete_isRejected -->
        <test-method signature="post_isRejected()[pri:0, instance:com.swapi.tests.PlanetTest@63a65a25]" started-at="2026-07-29T20:05:32 CST" name="post_isRejected" description="POST is rejected on a read-only API" finished-at="2026-07-29T20:05:33 CST" duration-ms="1246" status="FAIL">
          <exception class="java.lang.AssertionError">
            <message>
              <![CDATA[POST planets must return 405 on a read-only API expected [405] but found [404]]]>
            </message>
            <full-stacktrace>
              <![CDATA[java.lang.AssertionError: POST planets must return 405 on a read-only API expected [405] but found [404]
at org.testng.Assert.fail(Assert.java:111)
at org.testng.Assert.failNotEquals(Assert.java:1578)
at org.testng.Assert.assertEqualsImpl(Assert.java:150)
at org.testng.Assert.assertEquals(Assert.java:132)
at org.testng.Assert.assertEquals(Assert.java:1419)
at org.testng.Assert.assertEquals(Assert.java:1383)
at com.swapi.tests.AbstractResourceTest.post_isRejected(AbstractResourceTest.java:106)
at java.base/jdk.internal.reflect.DirectMethodHandleAccessor.invoke(DirectMethodHandleAccessor.java:104)
at java.base/java.lang.reflect.Method.invoke(Method.java:565)
at org.testng.internal.invokers.MethodInvocationHelper.invokeMethod(MethodInvocationHelper.java:141)
at org.testng.internal.invokers.TestInvoker.invokeMethod(TestInvoker.java:686)
at org.testng.internal.invokers.TestInvoker.invokeTestMethod(TestInvoker.java:230)
at org.testng.internal.invokers.MethodRunner.runInSequence(MethodRunner.java:63)
at org.testng.internal.invokers.TestInvoker$MethodInvocationAgent.invoke(TestInvoker.java:992)
at org.testng.internal.invokers.TestInvoker.invokeTestMethods(TestInvoker.java:203)
at org.testng.internal.invokers.TestMethodWorker.invokeTestMethods(TestMethodWorker.java:154)
at org.testng.internal.invokers.TestMethodWorker.run(TestMethodWorker.java:134)
at java.base/java.util.concurrent.Executors$RunnableAdapter.call(Executors.java:545)
at java.base/java.util.concurrent.FutureTask.run(FutureTask.java:330)
at org.testng.internal.thread.graph.TestNGFutureTask.run(TestNGFutureTask.java:22)
at java.base/java.util.concurrent.ThreadPoolExecutor.runWorker(ThreadPoolExecutor.java:1090)
at java.base/java.util.concurrent.ThreadPoolExecutor$Worker.run(ThreadPoolExecutor.java:614)
at java.base/java.lang.Thread.run(Thread.java:1516)
]]>
            </full-stacktrace>
          </exception> <!-- java.lang.AssertionError -->
          <reporter-output>
          </reporter-output>
        </test-method> <!-- post_isRejected -->
        <test-method signature="put_isRejected()[pri:0, instance:com.swapi.tests.PlanetTest@63a65a25]" started-at="2026-07-29T20:05:33 CST" name="put_isRejected" description="PUT is rejected on a read-only API" finished-at="2026-07-29T20:05:34 CST" duration-ms="688" status="PASS">
          <reporter-output>
          </reporter-output>
        </test-method> <!-- put_isRejected -->
      </class> <!-- com.swapi.tests.PlanetTest -->
      <class name="com.swapi.tests.SpeciesTest">
        <test-method is-config="true" signature="globalSetup()[pri:0, instance:com.swapi.tests.SpeciesTest@12b0404f]" started-at="2026-07-29T20:05:34 CST" name="globalSetup" finished-at="2026-07-29T20:05:34 CST" duration-ms="1" status="PASS">
          <reporter-output>
          </reporter-output>
        </test-method> <!-- globalSetup -->
        <test-method signature="delete_isRejected()[pri:0, instance:com.swapi.tests.SpeciesTest@12b0404f]" started-at="2026-07-29T20:05:34 CST" name="delete_isRejected" description="DELETE is rejected on a read-only API" finished-at="2026-07-29T20:05:35 CST" duration-ms="644" status="PASS">
          <reporter-output>
          </reporter-output>
        </test-method> <!-- delete_isRejected -->
        <test-method signature="post_isRejected()[pri:0, instance:com.swapi.tests.SpeciesTest@12b0404f]" started-at="2026-07-29T20:05:35 CST" name="post_isRejected" description="POST is rejected on a read-only API" finished-at="2026-07-29T20:05:35 CST" duration-ms="682" status="FAIL">
          <exception class="java.lang.AssertionError">
            <message>
              <![CDATA[POST species must return 405 on a read-only API expected [405] but found [404]]]>
            </message>
            <full-stacktrace>
              <![CDATA[java.lang.AssertionError: POST species must return 405 on a read-only API expected [405] but found [404]
at org.testng.Assert.fail(Assert.java:111)
at org.testng.Assert.failNotEquals(Assert.java:1578)
at org.testng.Assert.assertEqualsImpl(Assert.java:150)
at org.testng.Assert.assertEquals(Assert.java:132)
at org.testng.Assert.assertEquals(Assert.java:1419)
at org.testng.Assert.assertEquals(Assert.java:1383)
at com.swapi.tests.AbstractResourceTest.post_isRejected(AbstractResourceTest.java:106)
at java.base/jdk.internal.reflect.DirectMethodHandleAccessor.invoke(DirectMethodHandleAccessor.java:104)
at java.base/java.lang.reflect.Method.invoke(Method.java:565)
at org.testng.internal.invokers.MethodInvocationHelper.invokeMethod(MethodInvocationHelper.java:141)
at org.testng.internal.invokers.TestInvoker.invokeMethod(TestInvoker.java:686)
at org.testng.internal.invokers.TestInvoker.invokeTestMethod(TestInvoker.java:230)
at org.testng.internal.invokers.MethodRunner.runInSequence(MethodRunner.java:63)
at org.testng.internal.invokers.TestInvoker$MethodInvocationAgent.invoke(TestInvoker.java:992)
at org.testng.internal.invokers.TestInvoker.invokeTestMethods(TestInvoker.java:203)
at org.testng.internal.invokers.TestMethodWorker.invokeTestMethods(TestMethodWorker.java:154)
at org.testng.internal.invokers.TestMethodWorker.run(TestMethodWorker.java:134)
at java.base/java.util.concurrent.Executors$RunnableAdapter.call(Executors.java:545)
at java.base/java.util.concurrent.FutureTask.run(FutureTask.java:330)
at org.testng.internal.thread.graph.TestNGFutureTask.run(TestNGFutureTask.java:22)
at java.base/java.util.concurrent.ThreadPoolExecutor.runWorker(ThreadPoolExecutor.java:1090)
at java.base/java.util.concurrent.ThreadPoolExecutor$Worker.run(ThreadPoolExecutor.java:614)
at java.base/java.lang.Thread.run(Thread.java:1516)
]]>
            </full-stacktrace>
          </exception> <!-- java.lang.AssertionError -->
          <reporter-output>
          </reporter-output>
        </test-method> <!-- post_isRejected -->
        <test-method signature="put_isRejected()[pri:0, instance:com.swapi.tests.SpeciesTest@12b0404f]" started-at="2026-07-29T20:05:35 CST" name="put_isRejected" description="PUT is rejected on a read-only API" finished-at="2026-07-29T20:05:36 CST" duration-ms="711" status="PASS">
          <reporter-output>
          </reporter-output>
        </test-method> <!-- put_isRejected -->
      </class> <!-- com.swapi.tests.SpeciesTest -->
      <class name="com.swapi.tests.FilmTest">
        <test-method is-config="true" signature="globalSetup()[pri:0, instance:com.swapi.tests.FilmTest@56de5251]" started-at="2026-07-29T20:05:34 CST" name="globalSetup" finished-at="2026-07-29T20:05:34 CST" duration-ms="1" status="PASS">
          <reporter-output>
          </reporter-output>
        </test-method> <!-- globalSetup -->
        <test-method signature="delete_isRejected()[pri:0, instance:com.swapi.tests.FilmTest@56de5251]" started-at="2026-07-29T20:05:34 CST" name="delete_isRejected" description="DELETE is rejected on a read-only API" finished-at="2026-07-29T20:05:34 CST" duration-ms="633" status="PASS">
          <reporter-output>
          </reporter-output>
        </test-method> <!-- delete_isRejected -->
        <test-method signature="post_isRejected()[pri:0, instance:com.swapi.tests.FilmTest@56de5251]" started-at="2026-07-29T20:05:34 CST" name="post_isRejected" description="POST is rejected on a read-only API" finished-at="2026-07-29T20:05:35 CST" duration-ms="692" status="FAIL">
          <exception class="java.lang.AssertionError">
            <message>
              <![CDATA[POST films must return 405 on a read-only API expected [405] but found [404]]]>
            </message>
            <full-stacktrace>
              <![CDATA[java.lang.AssertionError: POST films must return 405 on a read-only API expected [405] but found [404]
at org.testng.Assert.fail(Assert.java:111)
at org.testng.Assert.failNotEquals(Assert.java:1578)
at org.testng.Assert.assertEqualsImpl(Assert.java:150)
at org.testng.Assert.assertEquals(Assert.java:132)
at org.testng.Assert.assertEquals(Assert.java:1419)
at org.testng.Assert.assertEquals(Assert.java:1383)
at com.swapi.tests.AbstractResourceTest.post_isRejected(AbstractResourceTest.java:106)
at java.base/jdk.internal.reflect.DirectMethodHandleAccessor.invoke(DirectMethodHandleAccessor.java:104)
at java.base/java.lang.reflect.Method.invoke(Method.java:565)
at org.testng.internal.invokers.MethodInvocationHelper.invokeMethod(MethodInvocationHelper.java:141)
at org.testng.internal.invokers.TestInvoker.invokeMethod(TestInvoker.java:686)
at org.testng.internal.invokers.TestInvoker.invokeTestMethod(TestInvoker.java:230)
at org.testng.internal.invokers.MethodRunner.runInSequence(MethodRunner.java:63)
at org.testng.internal.invokers.TestInvoker$MethodInvocationAgent.invoke(TestInvoker.java:992)
at org.testng.internal.invokers.TestInvoker.invokeTestMethods(TestInvoker.java:203)
at org.testng.internal.invokers.TestMethodWorker.invokeTestMethods(TestMethodWorker.java:154)
at org.testng.internal.invokers.TestMethodWorker.run(TestMethodWorker.java:134)
at java.base/java.util.concurrent.Executors$RunnableAdapter.call(Executors.java:545)
at java.base/java.util.concurrent.FutureTask.run(FutureTask.java:330)
at org.testng.internal.thread.graph.TestNGFutureTask.run(TestNGFutureTask.java:22)
at java.base/java.util.concurrent.ThreadPoolExecutor.runWorker(ThreadPoolExecutor.java:1090)
at java.base/java.util.concurrent.ThreadPoolExecutor$Worker.run(ThreadPoolExecutor.java:614)
at java.base/java.lang.Thread.run(Thread.java:1516)
]]>
            </full-stacktrace>
          </exception> <!-- java.lang.AssertionError -->
          <reporter-output>
          </reporter-output>
        </test-method> <!-- post_isRejected -->
        <test-method signature="put_isRejected()[pri:0, instance:com.swapi.tests.FilmTest@56de5251]" started-at="2026-07-29T20:05:35 CST" name="put_isRejected" description="PUT is rejected on a read-only API" finished-at="2026-07-29T20:05:36 CST" duration-ms="688" status="PASS">
          <reporter-output>
          </reporter-output>
        </test-method> <!-- put_isRejected -->
      </class> <!-- com.swapi.tests.FilmTest -->
      <class name="com.swapi.tests.StarshipTest">
        <test-method is-config="true" signature="globalSetup()[pri:0, instance:com.swapi.tests.StarshipTest@2f112965]" started-at="2026-07-29T20:05:29 CST" name="globalSetup" finished-at="2026-07-29T20:05:30 CST" duration-ms="623" status="PASS">
          <reporter-output>
          </reporter-output>
        </test-method> <!-- globalSetup -->
        <test-method signature="delete_isRejected()[pri:0, instance:com.swapi.tests.StarshipTest@2f112965]" started-at="2026-07-29T20:05:30 CST" name="delete_isRejected" description="DELETE is rejected on a read-only API" finished-at="2026-07-29T20:05:32 CST" duration-ms="2364" status="PASS">
          <reporter-output>
          </reporter-output>
        </test-method> <!-- delete_isRejected -->
        <test-method signature="post_isRejected()[pri:0, instance:com.swapi.tests.StarshipTest@2f112965]" started-at="2026-07-29T20:05:32 CST" name="post_isRejected" description="POST is rejected on a read-only API" finished-at="2026-07-29T20:05:33 CST" duration-ms="1084" status="FAIL">
          <exception class="java.lang.AssertionError">
            <message>
              <![CDATA[POST starships must return 405 on a read-only API expected [405] but found [404]]]>
            </message>
            <full-stacktrace>
              <![CDATA[java.lang.AssertionError: POST starships must return 405 on a read-only API expected [405] but found [404]
at org.testng.Assert.fail(Assert.java:111)
at org.testng.Assert.failNotEquals(Assert.java:1578)
at org.testng.Assert.assertEqualsImpl(Assert.java:150)
at org.testng.Assert.assertEquals(Assert.java:132)
at org.testng.Assert.assertEquals(Assert.java:1419)
at org.testng.Assert.assertEquals(Assert.java:1383)
at com.swapi.tests.AbstractResourceTest.post_isRejected(AbstractResourceTest.java:106)
at java.base/jdk.internal.reflect.DirectMethodHandleAccessor.invoke(DirectMethodHandleAccessor.java:104)
at java.base/java.lang.reflect.Method.invoke(Method.java:565)
at org.testng.internal.invokers.MethodInvocationHelper.invokeMethod(MethodInvocationHelper.java:141)
at org.testng.internal.invokers.TestInvoker.invokeMethod(TestInvoker.java:686)
at org.testng.internal.invokers.TestInvoker.invokeTestMethod(TestInvoker.java:230)
at org.testng.internal.invokers.MethodRunner.runInSequence(MethodRunner.java:63)
at org.testng.internal.invokers.TestInvoker$MethodInvocationAgent.invoke(TestInvoker.java:992)
at org.testng.internal.invokers.TestInvoker.invokeTestMethods(TestInvoker.java:203)
at org.testng.internal.invokers.TestMethodWorker.invokeTestMethods(TestMethodWorker.java:154)
at org.testng.internal.invokers.TestMethodWorker.run(TestMethodWorker.java:134)
at java.base/java.util.concurrent.Executors$RunnableAdapter.call(Executors.java:545)
at java.base/java.util.concurrent.FutureTask.run(FutureTask.java:330)
at org.testng.internal.thread.graph.TestNGFutureTask.run(TestNGFutureTask.java:22)
at java.base/java.util.concurrent.ThreadPoolExecutor.runWorker(ThreadPoolExecutor.java:1090)
at java.base/java.util.concurrent.ThreadPoolExecutor$Worker.run(ThreadPoolExecutor.java:614)
at java.base/java.lang.Thread.run(Thread.java:1516)
]]>
            </full-stacktrace>
          </exception> <!-- java.lang.AssertionError -->
          <reporter-output>
          </reporter-output>
        </test-method> <!-- post_isRejected -->
        <test-method signature="put_isRejected()[pri:0, instance:com.swapi.tests.StarshipTest@2f112965]" started-at="2026-07-29T20:05:33 CST" name="put_isRejected" description="PUT is rejected on a read-only API" finished-at="2026-07-29T20:05:34 CST" duration-ms="637" status="PASS">
          <reporter-output>
          </reporter-output>
        </test-method> <!-- put_isRejected -->
      </class> <!-- com.swapi.tests.StarshipTest -->
    </test> <!-- All-Resources -->
  </suite> <!-- SWAPI-Suite -->
</testng-results>
