<?xml version="1.0" encoding="UTF-8"?>
<!-- Generated by org.testng.reporters.JUnitXMLReporter -->
<testsuite ignored="110" hostname="LTSVLCDIS41LXCZ" failures="6" tests="18" name="All-Resources" time="7.063" errors="0" timestamp="2026-07-29T20:05:36 CST">
  <testcase classname="com.swapi.tests.AbstractResourceTest" name="delete_isRejected" time="2.364"/>
  <testcase classname="com.swapi.tests.AbstractResourceTest" name="delete_isRejected" time="2.364"/>
  <testcase classname="com.swapi.tests.AbstractResourceTest" name="delete_isRejected" time="2.364"/>
  <testcase classname="com.swapi.tests.AbstractResourceTest" name="post_isRejected" time="1.084">
    <failure type="java.lang.AssertionError" message="POST starships must return 405 on a read-only API expected [405] but found [404]">
      <![CDATA[java.lang.AssertionError: POST starships must return 405 on a read-only API expected [405] but found [404]
at com.swapi.tests.AbstractResourceTest.post_isRejected(AbstractResourceTest.java:106)
at java.base/java.util.concurrent.Executors$RunnableAdapter.call(Executors.java:545)
at java.base/java.util.concurrent.FutureTask.run(FutureTask.java:330)
at java.base/java.util.concurrent.ThreadPoolExecutor.runWorker(ThreadPoolExecutor.java:1090)
at java.base/java.util.concurrent.ThreadPoolExecutor$Worker.run(ThreadPoolExecutor.java:614)
at java.base/java.lang.Thread.run(Thread.java:1516)
... Removed 17 stack frames]]>
    </failure>
  </testcase> <!-- post_isRejected -->
  <testcase classname="com.swapi.tests.AbstractResourceTest" name="post_isRejected" time="1.083">
    <failure type="java.lang.AssertionError" message="POST vehicles must return 405 on a read-only API expected [405] but found [404]">
      <![CDATA[java.lang.AssertionError: POST vehicles must return 405 on a read-only API expected [405] but found [404]
at com.swapi.tests.AbstractResourceTest.post_isRejected(AbstractResourceTest.java:106)
at java.base/java.util.concurrent.Executors$RunnableAdapter.call(Executors.java:545)
at java.base/java.util.concurrent.FutureTask.run(FutureTask.java:330)
at java.base/java.util.concurrent.ThreadPoolExecutor.runWorker(ThreadPoolExecutor.java:1090)
at java.base/java.util.concurrent.ThreadPoolExecutor$Worker.run(ThreadPoolExecutor.java:614)
at java.base/java.lang.Thread.run(Thread.java:1516)
... Removed 17 stack frames]]>
    </failure>
  </testcase> <!-- post_isRejected -->
  <testcase classname="com.swapi.tests.AbstractResourceTest" name="post_isRejected" time="1.246">
    <failure type="java.lang.AssertionError" message="POST planets must return 405 on a read-only API expected [405] but found [404]">
      <![CDATA[java.lang.AssertionError: POST planets must return 405 on a read-only API expected [405] but found [404]
at com.swapi.tests.AbstractResourceTest.post_isRejected(AbstractResourceTest.java:106)
at java.base/java.util.concurrent.Executors$RunnableAdapter.call(Executors.java:545)
at java.base/java.util.concurrent.FutureTask.run(FutureTask.java:330)
at java.base/java.util.concurrent.ThreadPoolExecutor.runWorker(ThreadPoolExecutor.java:1090)
at java.base/java.util.concurrent.ThreadPoolExecutor$Worker.run(ThreadPoolExecutor.java:614)
at java.base/java.lang.Thread.run(Thread.java:1516)
... Removed 17 stack frames]]>
    </failure>
  </testcase> <!-- post_isRejected -->
  <testcase classname="com.swapi.tests.AbstractResourceTest" name="put_isRejected" time="0.637"/>
  <testcase classname="com.swapi.tests.AbstractResourceTest" name="put_isRejected" time="0.698"/>
  <testcase classname="com.swapi.tests.AbstractResourceTest" name="put_isRejected" time="0.688"/>
  <testcase classname="com.swapi.tests.AbstractResourceTest" name="delete_isRejected" time="0.637"/>
  <testcase classname="com.swapi.tests.AbstractResourceTest" name="delete_isRejected" time="0.633"/>
  <testcase classname="com.swapi.tests.AbstractResourceTest" name="delete_isRejected" time="0.644"/>
  <testcase classname="com.swapi.tests.AbstractResourceTest" name="post_isRejected" time="0.684">
    <failure type="java.lang.AssertionError" message="POST people must return 405 on a read-only API expected [405] but found [404]">
      <![CDATA[java.lang.AssertionError: POST people must return 405 on a read-only API expected [405] but found [404]
at com.swapi.tests.AbstractResourceTest.post_isRejected(AbstractResourceTest.java:106)
at java.base/java.util.concurrent.Executors$RunnableAdapter.call(Executors.java:545)
at java.base/java.util.concurrent.FutureTask.run(FutureTask.java:330)
at java.base/java.util.concurrent.ThreadPoolExecutor.runWorker(ThreadPoolExecutor.java:1090)
at java.base/java.util.concurrent.ThreadPoolExecutor$Worker.run(ThreadPoolExecutor.java:614)
at java.base/java.lang.Thread.run(Thread.java:1516)
... Removed 17 stack frames]]>
    </failure>
  </testcase> <!-- post_isRejected -->
  <testcase classname="com.swapi.tests.AbstractResourceTest" name="post_isRejected" time="0.692">
    <failure type="java.lang.AssertionError" message="POST films must return 405 on a read-only API expected [405] but found [404]">
      <![CDATA[java.lang.AssertionError: POST films must return 405 on a read-only API expected [405] but found [404]
at com.swapi.tests.AbstractResourceTest.post_isRejected(AbstractResourceTest.java:106)
at java.base/java.util.concurrent.Executors$RunnableAdapter.call(Executors.java:545)
at java.base/java.util.concurrent.FutureTask.run(FutureTask.java:330)
at java.base/java.util.concurrent.ThreadPoolExecutor.runWorker(ThreadPoolExecutor.java:1090)
at java.base/java.util.concurrent.ThreadPoolExecutor$Worker.run(ThreadPoolExecutor.java:614)
at java.base/java.lang.Thread.run(Thread.java:1516)
... Removed 17 stack frames]]>
    </failure>
  </testcase> <!-- post_isRejected -->
  <testcase classname="com.swapi.tests.AbstractResourceTest" name="post_isRejected" time="0.682">
    <failure type="java.lang.AssertionError" message="POST species must return 405 on a read-only API expected [405] but found [404]">
      <![CDATA[java.lang.AssertionError: POST species must return 405 on a read-only API expected [405] but found [404]
at com.swapi.tests.AbstractResourceTest.post_isRejected(AbstractResourceTest.java:106)
at java.base/java.util.concurrent.Executors$RunnableAdapter.call(Executors.java:545)
at java.base/java.util.concurrent.FutureTask.run(FutureTask.java:330)
at java.base/java.util.concurrent.ThreadPoolExecutor.runWorker(ThreadPoolExecutor.java:1090)
at java.base/java.util.concurrent.ThreadPoolExecutor$Worker.run(ThreadPoolExecutor.java:614)
at java.base/java.lang.Thread.run(Thread.java:1516)
... Removed 17 stack frames]]>
    </failure>
  </testcase> <!-- post_isRejected -->
  <testcase classname="com.swapi.tests.AbstractResourceTest" name="put_isRejected" time="0.681"/>
  <testcase classname="com.swapi.tests.AbstractResourceTest" name="put_isRejected" time="0.688"/>
  <testcase classname="com.swapi.tests.AbstractResourceTest" name="put_isRejected" time="0.711"/>
  <testcase classname="com.swapi.tests.SpeciesTest" name="verifyClassification" time="0.0">
    <ignored/>
  </testcase> <!-- verifyClassification -->
  <testcase classname="com.swapi.tests.PlanetTest" name="verifyTerrain" time="0.0">
    <ignored/>
  </testcase> <!-- verifyTerrain -->
  <testcase classname="com.swapi.tests.AbstractResourceTest" name="getById_returnsOk" time="0.0">
    <ignored/>
  </testcase> <!-- getById_returnsOk -->
  <testcase classname="com.swapi.tests.AbstractResourceTest" name="getById_bodyHasCommonFields" time="0.0">
    <ignored/>
  </testcase> <!-- getById_bodyHasCommonFields -->
  <testcase classname="com.swapi.tests.AbstractResourceTest" name="head_returnsOkWithNoBody" time="0.0">
    <ignored/>
  </testcase> <!-- head_returnsOkWithNoBody -->
  <testcase classname="com.swapi.tests.SpeciesTest" name="getById_deserializesToSpecies" time="0.0">
    <ignored/>
  </testcase> <!-- getById_deserializesToSpecies -->
  <testcase classname="com.swapi.tests.FilmTest" name="verifyResponseBody" time="0.0">
    <ignored/>
  </testcase> <!-- verifyResponseBody -->
  <testcase classname="com.swapi.tests.AbstractResourceTest" name="verifyResponseTime" time="0.0">
    <ignored/>
  </testcase> <!-- verifyResponseTime -->
  <testcase classname="com.swapi.tests.PeopleTest" name="verifyDefaultPageSize" time="0.0">
    <ignored/>
  </testcase> <!-- verifyDefaultPageSize -->
  <testcase classname="com.swapi.tests.AbstractResourceTest" name="getById_returnsOk" time="0.0">
    <ignored/>
  </testcase> <!-- getById_returnsOk -->
  <testcase classname="com.swapi.tests.AbstractResourceTest" name="getByXssPayload_returns404" time="0.0">
    <ignored/>
  </testcase> <!-- getByXssPayload_returns404 -->
  <testcase classname="com.swapi.tests.StarshipTest" name="verifyMaxAtmospheringSpeed" time="0.0">
    <ignored/>
  </testcase> <!-- verifyMaxAtmospheringSpeed -->
  <testcase classname="com.swapi.tests.StarshipTest" name="verifyModel" time="0.0">
    <ignored/>
  </testcase> <!-- verifyModel -->
  <testcase classname="com.swapi.tests.VehicleTest" name="verifyMaxAtmospheringSpeed" time="0.0">
    <ignored/>
  </testcase> <!-- verifyMaxAtmospheringSpeed -->
  <testcase classname="com.swapi.tests.AbstractResourceTest" name="getCollection_returnsOkAndResults" time="0.0">
    <ignored/>
  </testcase> <!-- getCollection_returnsOkAndResults -->
  <testcase classname="com.swapi.tests.AbstractResourceTest" name="getByXssPayload_returns404" time="0.0">
    <ignored/>
  </testcase> <!-- getByXssPayload_returns404 -->
  <testcase classname="com.swapi.tests.AbstractResourceTest" name="options_returnsOk" time="0.0">
    <ignored/>
  </testcase> <!-- options_returnsOk -->
  <testcase classname="com.swapi.tests.AbstractResourceTest" name="getCollection_returnsOkAndResults" time="0.0">
    <ignored/>
  </testcase> <!-- getCollection_returnsOkAndResults -->
  <testcase classname="com.swapi.tests.StarshipTest" name="verifyCrew" time="0.0">
    <ignored/>
  </testcase> <!-- verifyCrew -->
  <testcase classname="com.swapi.tests.AbstractResourceTest" name="head_returnsOkWithNoBody" time="0.0">
    <ignored/>
  </testcase> <!-- head_returnsOkWithNoBody -->
  <testcase classname="com.swapi.tests.AbstractResourceTest" name="getById_returnsOk" time="0.0">
    <ignored/>
  </testcase> <!-- getById_returnsOk -->
  <testcase classname="com.swapi.tests.AbstractResourceTest" name="head_returnsOkWithNoBody" time="0.0">
    <ignored/>
  </testcase> <!-- head_returnsOkWithNoBody -->
  <testcase classname="com.swapi.tests.AbstractResourceTest" name="getByXssPayload_returns404" time="0.0">
    <ignored/>
  </testcase> <!-- getByXssPayload_returns404 -->
  <testcase classname="com.swapi.tests.SpeciesTest" name="verifyAverageLifespan" time="0.0">
    <ignored/>
  </testcase> <!-- verifyAverageLifespan -->
  <testcase classname="com.swapi.tests.StarshipTest" name="verifyManufacturer" time="0.0">
    <ignored/>
  </testcase> <!-- verifyManufacturer -->
  <testcase classname="com.swapi.tests.StarshipTest" name="verifyResponseBody" time="0.0">
    <ignored/>
  </testcase> <!-- verifyResponseBody -->
  <testcase classname="com.swapi.tests.VehicleTest" name="verifyManufacturer" time="0.0">
    <ignored/>
  </testcase> <!-- verifyManufacturer -->
  <testcase classname="com.swapi.tests.AbstractResourceTest" name="getCollection_returnsOkAndResults" time="0.0">
    <ignored/>
  </testcase> <!-- getCollection_returnsOkAndResults -->
  <testcase classname="com.swapi.tests.PlanetTest" name="verifyDefaultPageSize" time="0.0">
    <ignored/>
  </testcase> <!-- verifyDefaultPageSize -->
  <testcase classname="com.swapi.tests.AbstractResourceTest" name="verifyResponseTime" time="0.0">
    <ignored/>
  </testcase> <!-- verifyResponseTime -->
  <testcase classname="com.swapi.tests.VehicleTest" name="verifyDefaultPageSize" time="0.0">
    <ignored/>
  </testcase> <!-- verifyDefaultPageSize -->
  <testcase classname="com.swapi.tests.StarshipTest" name="verifyDefaultPageSize" time="0.0">
    <ignored/>
  </testcase> <!-- verifyDefaultPageSize -->
  <testcase classname="com.swapi.tests.VehicleTest" name="verifyCrew" time="0.0">
    <ignored/>
  </testcase> <!-- verifyCrew -->
  <testcase classname="com.swapi.tests.PlanetTest" name="verifySurfaceWater" time="0.0">
    <ignored/>
  </testcase> <!-- verifySurfaceWater -->
  <testcase classname="com.swapi.tests.AbstractResourceTest" name="options_returnsOk" time="0.0">
    <ignored/>
  </testcase> <!-- options_returnsOk -->
  <testcase classname="com.swapi.tests.AbstractResourceTest" name="getByXssPayload_returns404" time="0.0">
    <ignored/>
  </testcase> <!-- getByXssPayload_returns404 -->
  <testcase classname="com.swapi.tests.AbstractResourceTest" name="getCollection_returnsOkAndResults" time="0.0">
    <ignored/>
  </testcase> <!-- getCollection_returnsOkAndResults -->
  <testcase classname="com.swapi.tests.PlanetTest" name="verifyGravity" time="0.0">
    <ignored/>
  </testcase> <!-- verifyGravity -->
  <testcase classname="com.swapi.tests.AbstractResourceTest" name="getCollection_returnsOkAndResults" time="0.0">
    <ignored/>
  </testcase> <!-- getCollection_returnsOkAndResults -->
  <testcase classname="com.swapi.tests.AbstractResourceTest" name="getById_bodyHasCommonFields" time="0.0">
    <ignored/>
  </testcase> <!-- getById_bodyHasCommonFields -->
  <testcase classname="com.swapi.tests.AbstractResourceTest" name="getByXssPayload_returns404" time="0.0">
    <ignored/>
  </testcase> <!-- getByXssPayload_returns404 -->
  <testcase classname="com.swapi.tests.SpeciesTest" name="verifyName" time="0.0">
    <ignored/>
  </testcase> <!-- verifyName -->
  <testcase classname="com.swapi.tests.PeopleTest" name="verifyEyeColor" time="0.0">
    <ignored/>
  </testcase> <!-- verifyEyeColor -->
  <testcase classname="com.swapi.tests.StarshipTest" name="verifyLength" time="0.0">
    <ignored/>
  </testcase> <!-- verifyLength -->
  <testcase classname="com.swapi.tests.PlanetTest" name="getById_deserializesToPlanet" time="0.0">
    <ignored/>
  </testcase> <!-- getById_deserializesToPlanet -->
  <testcase classname="com.swapi.tests.AbstractResourceTest" name="getById_returnsOk" time="0.0">
    <ignored/>
  </testcase> <!-- getById_returnsOk -->
  <testcase classname="com.swapi.tests.PeopleTest" name="verifyResponseBody" time="0.0">
    <ignored/>
  </testcase> <!-- verifyResponseBody -->
  <testcase classname="com.swapi.tests.AbstractResourceTest" name="head_returnsOkWithNoBody" time="0.0">
    <ignored/>
  </testcase> <!-- head_returnsOkWithNoBody -->
  <testcase classname="com.swapi.tests.AbstractResourceTest" name="getById_returnsOk" time="0.0">
    <ignored/>
  </testcase> <!-- getById_returnsOk -->
  <testcase classname="com.swapi.tests.StarshipTest" name="verifyCargoCapacity" time="0.0">
    <ignored/>
  </testcase> <!-- verifyCargoCapacity -->
  <testcase classname="com.swapi.tests.AbstractResourceTest" name="head_returnsOkWithNoBody" time="0.0">
    <ignored/>
  </testcase> <!-- head_returnsOkWithNoBody -->
  <testcase classname="com.swapi.tests.VehicleTest" name="verifyName" time="0.0">
    <ignored/>
  </testcase> <!-- verifyName -->
  <testcase classname="com.swapi.tests.AbstractResourceTest" name="getByXssPayload_returns404" time="0.0">
    <ignored/>
  </testcase> <!-- getByXssPayload_returns404 -->
  <testcase classname="com.swapi.tests.VehicleTest" name="verifyResponseBody" time="0.0">
    <ignored/>
  </testcase> <!-- verifyResponseBody -->
  <testcase classname="com.swapi.tests.AbstractResourceTest" name="getById_returnsOk" time="0.0">
    <ignored/>
  </testcase> <!-- getById_returnsOk -->
  <testcase classname="com.swapi.tests.AbstractResourceTest" name="verifyResponseTime" time="0.0">
    <ignored/>
  </testcase> <!-- verifyResponseTime -->
  <testcase classname="com.swapi.tests.AbstractResourceTest" name="getById_bodyHasCommonFields" time="0.0">
    <ignored/>
  </testcase> <!-- getById_bodyHasCommonFields -->
  <testcase classname="com.swapi.tests.PeopleTest" name="verifyMass" time="0.0">
    <ignored/>
  </testcase> <!-- verifyMass -->
  <testcase classname="com.swapi.tests.AbstractResourceTest" name="verifyResponseTime" time="0.0">
    <ignored/>
  </testcase> <!-- verifyResponseTime -->
  <testcase classname="com.swapi.tests.VehicleTest" name="getById_deserializesToVehicle" time="0.0">
    <ignored/>
  </testcase> <!-- getById_deserializesToVehicle -->
  <testcase classname="com.swapi.tests.SpeciesTest" name="verifyLanguage" time="0.0">
    <ignored/>
  </testcase> <!-- verifyLanguage -->
  <testcase classname="com.swapi.tests.VehicleTest" name="verifyPassengers" time="0.0">
    <ignored/>
  </testcase> <!-- verifyPassengers -->
  <testcase classname="com.swapi.tests.StarshipTest" name="verifyName" time="0.0">
    <ignored/>
  </testcase> <!-- verifyName -->
  <testcase classname="com.swapi.tests.SpeciesTest" name="verifyEyeColors" time="0.0">
    <ignored/>
  </testcase> <!-- verifyEyeColors -->
  <testcase classname="com.swapi.tests.PlanetTest" name="verifyName" time="0.0">
    <ignored/>
  </testcase> <!-- verifyName -->
  <testcase classname="com.swapi.tests.PeopleTest" name="verifyBirthYear" time="0.0">
    <ignored/>
  </testcase> <!-- verifyBirthYear -->
  <testcase classname="com.swapi.tests.StarshipTest" name="verifyCostInCredits" time="0.0">
    <ignored/>
  </testcase> <!-- verifyCostInCredits -->
  <testcase classname="com.swapi.tests.SpeciesTest" name="verifySkinColors" time="0.0">
    <ignored/>
  </testcase> <!-- verifySkinColors -->
  <testcase classname="com.swapi.tests.SpeciesTest" name="verifyHairColors" time="0.0">
    <ignored/>
  </testcase> <!-- verifyHairColors -->
  <testcase classname="com.swapi.tests.PeopleTest" name="verifyGender" time="0.0">
    <ignored/>
  </testcase> <!-- verifyGender -->
  <testcase classname="com.swapi.tests.FilmTest" name="verifyReleaseDate" time="0.0">
    <ignored/>
  </testcase> <!-- verifyReleaseDate -->
  <testcase classname="com.swapi.tests.FilmTest" name="verifyTitle" time="0.0">
    <ignored/>
  </testcase> <!-- verifyTitle -->
  <testcase classname="com.swapi.tests.PeopleTest" name="getById_deserializesToPerson" time="0.0">
    <ignored/>
  </testcase> <!-- getById_deserializesToPerson -->
  <testcase classname="com.swapi.tests.AbstractResourceTest" name="options_returnsOk" time="0.0">
    <ignored/>
  </testcase> <!-- options_returnsOk -->
  <testcase classname="com.swapi.tests.StarshipTest" name="verifyCustomLimitBehavior" time="0.0">
    <ignored/>
  </testcase> <!-- verifyCustomLimitBehavior -->
  <testcase classname="com.swapi.tests.FilmTest" name="verifyEpisodeId" time="0.0">
    <ignored/>
  </testcase> <!-- verifyEpisodeId -->
  <testcase classname="com.swapi.tests.PlanetTest" name="verifyCustomLimitBehavior" time="0.0">
    <ignored/>
  </testcase> <!-- verifyCustomLimitBehavior -->
  <testcase classname="com.swapi.tests.PlanetTest" name="verifyResponseBody" time="0.0">
    <ignored/>
  </testcase> <!-- verifyResponseBody -->
  <testcase classname="com.swapi.tests.PeopleTest" name="verifySkinColor" time="0.0">
    <ignored/>
  </testcase> <!-- verifySkinColor -->
  <testcase classname="com.swapi.tests.StarshipTest" name="verifyPassengers" time="0.0">
    <ignored/>
  </testcase> <!-- verifyPassengers -->
  <testcase classname="com.swapi.tests.SpeciesTest" name="verifyResponseBody" time="0.0">
    <ignored/>
  </testcase> <!-- verifyResponseBody -->
  <testcase classname="com.swapi.tests.VehicleTest" name="verifyLength" time="0.0">
    <ignored/>
  </testcase> <!-- verifyLength -->
  <testcase classname="com.swapi.tests.FilmTest" name="verifyProducer" time="0.0">
    <ignored/>
  </testcase> <!-- verifyProducer -->
  <testcase classname="com.swapi.tests.FilmTest" name="verifyDirector" time="0.0">
    <ignored/>
  </testcase> <!-- verifyDirector -->
  <testcase classname="com.swapi.tests.PlanetTest" name="verifyDiameter" time="0.0">
    <ignored/>
  </testcase> <!-- verifyDiameter -->
  <testcase classname="com.swapi.tests.AbstractResourceTest" name="verifyResponseTime" time="0.0">
    <ignored/>
  </testcase> <!-- verifyResponseTime -->
  <testcase classname="com.swapi.tests.VehicleTest" name="verifyModel" time="0.0">
    <ignored/>
  </testcase> <!-- verifyModel -->
  <testcase classname="com.swapi.tests.PlanetTest" name="verifyOrbitalPeriod" time="0.0">
    <ignored/>
  </testcase> <!-- verifyOrbitalPeriod -->
  <testcase classname="com.swapi.tests.VehicleTest" name="verifyCostInCredits" time="0.0">
    <ignored/>
  </testcase> <!-- verifyCostInCredits -->
  <testcase classname="com.swapi.tests.AbstractResourceTest" name="options_returnsOk" time="0.0">
    <ignored/>
  </testcase> <!-- options_returnsOk -->
  <testcase classname="com.swapi.tests.SpeciesTest" name="verifyDesignation" time="0.0">
    <ignored/>
  </testcase> <!-- verifyDesignation -->
  <testcase classname="com.swapi.tests.VehicleTest" name="verifyCustomLimitBehavior" time="0.0">
    <ignored/>
  </testcase> <!-- verifyCustomLimitBehavior -->
  <testcase classname="com.swapi.tests.AbstractResourceTest" name="verifyResponseTime" time="0.0">
    <ignored/>
  </testcase> <!-- verifyResponseTime -->
  <testcase classname="com.swapi.tests.PlanetTest" name="verifyPopulation" time="0.0">
    <ignored/>
  </testcase> <!-- verifyPopulation -->
  <testcase classname="com.swapi.tests.PeopleTest" name="verifyCustomLimitBehavior" time="0.0">
    <ignored/>
  </testcase> <!-- verifyCustomLimitBehavior -->
  <testcase classname="com.swapi.tests.FilmTest" name="getById_deserializesToFilm" time="0.0">
    <ignored/>
  </testcase> <!-- getById_deserializesToFilm -->
  <testcase classname="com.swapi.tests.PlanetTest" name="verifyRotationPeriod" time="0.0">
    <ignored/>
  </testcase> <!-- verifyRotationPeriod -->
  <testcase classname="com.swapi.tests.PeopleTest" name="verifyHairColor" time="0.0">
    <ignored/>
  </testcase> <!-- verifyHairColor -->
  <testcase classname="com.swapi.tests.AbstractResourceTest" name="getById_bodyHasCommonFields" time="0.0">
    <ignored/>
  </testcase> <!-- getById_bodyHasCommonFields -->
  <testcase classname="com.swapi.tests.PeopleTest" name="verifyHeight" time="0.0">
    <ignored/>
  </testcase> <!-- verifyHeight -->
  <testcase classname="com.swapi.tests.SpeciesTest" name="verifyAverageHeight" time="0.0">
    <ignored/>
  </testcase> <!-- verifyAverageHeight -->
  <testcase classname="com.swapi.tests.PlanetTest" name="verifyClimate" time="0.0">
    <ignored/>
  </testcase> <!-- verifyClimate -->
  <testcase classname="com.swapi.tests.AbstractResourceTest" name="options_returnsOk" time="0.0">
    <ignored/>
  </testcase> <!-- options_returnsOk -->
  <testcase classname="com.swapi.tests.StarshipTest" name="getById_deserializesToStarship" time="0.0">
    <ignored/>
  </testcase> <!-- getById_deserializesToStarship -->
  <testcase classname="com.swapi.tests.AbstractResourceTest" name="getCollection_returnsOkAndResults" time="0.0">
    <ignored/>
  </testcase> <!-- getCollection_returnsOkAndResults -->
  <testcase classname="com.swapi.tests.AbstractResourceTest" name="getById_bodyHasCommonFields" time="0.0">
    <ignored/>
  </testcase> <!-- getById_bodyHasCommonFields -->
  <testcase classname="com.swapi.tests.AbstractResourceTest" name="head_returnsOkWithNoBody" time="0.0">
    <ignored/>
  </testcase> <!-- head_returnsOkWithNoBody -->
  <testcase classname="com.swapi.tests.AbstractResourceTest" name="getById_bodyHasCommonFields" time="0.0">
    <ignored/>
  </testcase> <!-- getById_bodyHasCommonFields -->
  <testcase classname="com.swapi.tests.PeopleTest" name="verifyName" time="0.0">
    <ignored/>
  </testcase> <!-- verifyName -->
  <testcase classname="com.swapi.tests.AbstractResourceTest" name="options_returnsOk" time="0.0">
    <ignored/>
  </testcase> <!-- options_returnsOk -->
</testsuite> <!-- All-Resources -->
