<?xml version="1.0" encoding="UTF-8"?>
<!-- Generated by org.testng.reporters.JUnitReportReporter -->
<testsuite hostname="LTSVLCDIS41LXCZ" failures="1" tests="3" name="com.swapi.tests.VehicleTest" time="4.145" errors="0" timestamp="2026-07-29T20:05:36 CST" skipped="0">
  <testcase classname="com.swapi.tests.VehicleTest" name="delete_isRejected" time="2.364"/>
  <testcase classname="com.swapi.tests.VehicleTest" name="post_isRejected" time="1.083">
    <failure message="POST vehicles must return 405 on a read-only API expected [405] but found [404]" type="java.lang.AssertionError">
      <![CDATA[java.lang.AssertionError: POST vehicles must return 405 on a read-only API expected [405] but found [404]
at org.testng.Assert.fail(Assert.java:111)
at org.testng.Assert.failNotEquals(Assert.java:1578)
at org.testng.Assert.assertEqualsImpl(Assert.java:150)
at org.testng.Assert.assertEquals(Assert.java:132)
at org.testng.Assert.assertEquals(Assert.java:1419)
at org.testng.Assert.assertEquals(Assert.java:1383)
at com.swapi.tests.AbstractResourceTest.post_isRejected(AbstractResourceTest.java:106)
at java.base/jdk.internal.reflect.DirectMethodHandleAccessor.invoke(DirectMethodHandleAccessor.java:104)
at java.base/java.lang.reflect.Method.invoke(Method.java:565)
at org.testng.internal.invokers.MethodInvocationHelper.invokeMethod(MethodInvocationHelper.java:141)
at org.testng.internal.invokers.TestInvoker.invokeMethod(TestInvoker.java:686)
at org.testng.internal.invokers.TestInvoker.invokeTestMethod(TestInvoker.java:230)
at org.testng.internal.invokers.MethodRunner.runInSequence(MethodRunner.java:63)
at org.testng.internal.invokers.TestInvoker$MethodInvocationAgent.invoke(TestInvoker.java:992)
at org.testng.internal.invokers.TestInvoker.invokeTestMethods(TestInvoker.java:203)
at org.testng.internal.invokers.TestMethodWorker.invokeTestMethods(TestMethodWorker.java:154)
at org.testng.internal.invokers.TestMethodWorker.run(TestMethodWorker.java:134)
at java.base/java.util.concurrent.Executors$RunnableAdapter.call(Executors.java:545)
at java.base/java.util.concurrent.FutureTask.run(FutureTask.java:330)
at org.testng.internal.thread.graph.TestNGFutureTask.run(TestNGFutureTask.java:22)
at java.base/java.util.concurrent.ThreadPoolExecutor.runWorker(ThreadPoolExecutor.java:1090)
at java.base/java.util.concurrent.ThreadPoolExecutor$Worker.run(ThreadPoolExecutor.java:614)
at java.base/java.lang.Thread.run(Thread.java:1516)
]]>
    </failure>
  </testcase> <!-- post_isRejected -->
  <testcase classname="com.swapi.tests.VehicleTest" name="put_isRejected" time="0.698"/>
</testsuite> <!-- com.swapi.tests.VehicleTest -->
